<?xml version='1.0' encoding='utf-8'?>
<testsuites name="cocotb tests"><testsuite name="test_analog" errors="0" failures="0" skipped="0" tests="19" time="0.066" timestamp="2026-09-19T01:46:54.830498+00:00" hostname="borodin"><testcase classname="test_analog" name="test_power_gate_reaches_only_selected_slot" time="0.004"><properties><property name="cocotb" value="True" /><property name="random_seed" value="1789782414" /><property name="file" value="/home/tim/gits/sg13cmos5l_ocd_chipalooza/verilog/dv/test_analog.py" /><property name="line" value="50" /><property name="sim_time_unit" value="ns" /><property name="sim_time_start" value="0.0" /><property name="sim_time_stop" value="31700.0" /><property name="sim_time_duration" value="31700.0" /><property name="sim_time_ratio" value="7724170.568349514" /></properties></testcase><testcase classname="test_analog" name="test_power_gates_independent" time="0.004"><properties><property name="cocotb" value="True" /><property name="random_seed" value="1789782414" /><property name="file" value="/home/tim/gits/sg13cmos5l_ocd_chipalooza/verilog/dv/test_analog.py" /><property name="line" value="80" /><property name="sim_time_unit" value="ns" /><property name="sim_time_start" value="31700.001" /><property name="sim_time_stop" value="73300.001" /><property name="sim_time_duration" value="41600.0" /><property name="sim_time_ratio" value="10851505.121731745" /></properties></testcase><testcase classname="test_analog" name="test_deselecting_removes_power" time="0.002"><properties><property name="cocotb" value="True" /><property name="random_seed" value="1789782414" /><property name="file" value="/home/tim/gits/sg13cmos5l_ocd_chipalooza/verilog/dv/test_analog.py" /><property name="line" value="94" /><property name="sim_time_unit" value="ns" /><property name="sim_time_start" value="73300.002" /><property name="sim_time_stop" value="95100.002" /><property name="sim_time_duration" value="21800.0" /><property name="sim_time_ratio" value="11199109.223549945" /></properties></testcase><testcase classname="test_analog" name="test_power_is_off_after_reset" time="0.000"><properties><property name="cocotb" value="True" /><property name="random_seed" value="1789782414" /><property name="file" value="/home/tim/gits/sg13cmos5l_ocd_chipalooza/verilog/dv/test_analog.py" /><property name="line" value="108" /><property name="sim_time_unit" value="ns" /><property name="sim_time_start" value="95100.003" /><property name="sim_time_stop" value="97200.003" /><property name="sim_time_duration" value="2100.0" /><property name="sim_time_ratio" value="24763418.4501845" /></properties></testcase><testcase classname="test_analog" name="test_bias_switches_route_to_selected_slot" time="0.002"><properties><property name="cocotb" value="True" /><property name="random_seed" value="1789782414" /><property name="file" value="/home/tim/gits/sg13cmos5l_ocd_chipalooza/verilog/dv/test_analog.py" /><property name="line" value="130" /><property name="sim_time_unit" value="ns" /><property name="sim_time_start" value="97200.004" /><property name="sim_time_stop" value="114000.004" /><property name="sim_time_duration" value="16800.0" /><property name="sim_time_ratio" value="10381421.978004271" /></properties></testcase><testcase classname="test_analog" name="test_bias_switches_independent" time="0.003"><properties><property name="cocotb" value="True" /><property name="random_seed" value="1789782414" /><property name="file" value="/home/tim/gits/sg13cmos5l_ocd_chipalooza/verilog/dv/test_analog.py" /><property name="line" value="156" /><property name="sim_time_unit" value="ns" /><property name="sim_time_start" value="114000.005" /><property name="sim_time_stop" value="150800.005" /><property name="sim_time_duration" value="36800.0" /><property name="sim_time_ratio" value="10939083.817263808" /></properties></testcase><testcase classname="test_analog" name="test_vbias_follows_voltgen" time="0.008"><properties><property name="cocotb" value="True" /><property name="random_seed" value="1789782414" /><property name="file" value="/home/tim/gits/sg13cmos5l_ocd_chipalooza/verilog/dv/test_analog.py" /><property name="line" value="176" /><property name="sim_time_unit" value="ns" /><property name="sim_time_start" value="150800.006" /><property name="sim_time_stop" value="237000.006" /><property name="sim_time_duration" value="86200.0" /><property name="sim_time_ratio" value="10903036.888155239" /></properties></testcase><testcase classname="test_analog" name="test_voltgen_disabled_is_zero_not_floating" time="0.004"><properties><property name="cocotb" value="True" /><property name="random_seed" value="1789782414" /><property name="file" value="/home/tim/gits/sg13cmos5l_ocd_chipalooza/verilog/dv/test_analog.py" /><property name="line" value="219" /><property name="sim_time_unit" value="ns" /><property name="sim_time_start" value="237000.007" /><property name="sim_time_stop" value="283200.007" /><property name="sim_time_duration" value="46199.99999999997" /><property name="sim_time_ratio" value="11016561.698589535" /></properties></testcase><testcase classname="test_analog" name="test_analog_bus_enables_are_one_hot" time="0.003"><properties><property name="cocotb" value="True" /><property name="random_seed" value="1789782414" /><property name="file" value="/home/tim/gits/sg13cmos5l_ocd_chipalooza/verilog/dv/test_analog.py" /><property name="line" value="249" /><property name="sim_time_unit" value="ns" /><property name="sim_time_start" value="283200.008" /><property name="sim_time_stop" value="314900.008" /><property name="sim_time_duration" value="31700.0" /><property name="sim_time_ratio" value="10703083.962141635" /></properties></testcase><testcase classname="test_analog" name="test_analog_bus_lines_independent" time="0.006"><properties><property name="cocotb" value="True" /><property name="random_seed" value="1789782414" /><property name="file" value="/home/tim/gits/sg13cmos5l_ocd_chipalooza/verilog/dv/test_analog.py" /><property name="line" value="264" /><property name="sim_time_unit" value="ns" /><property name="sim_time_start" value="314900.009" /><property name="sim_time_stop" value="376300.009" /><property name="sim_time_duration" value="61400.0" /><property name="sim_time_ratio" value="10772074.846926088" /></properties></testcase><testcase classname="test_analog" name="test_analog_bus_is_not_connected_to_any_slot_after_reset" time="0.000"><properties><property name="cocotb" value="True" /><property name="random_seed" value="1789782414" /><property name="file" value="/home/tim/gits/sg13cmos5l_ocd_chipalooza/verilog/dv/test_analog.py" /><property name="line" value="279" /><property name="sim_time_unit" value="ns" /><property name="sim_time_start" value="376300.01" /><property name="sim_time_stop" value="378400.01" /><property name="sim_time_duration" value="2100.0" /><property name="sim_time_ratio" value="8171847.317797992" /></properties></testcase><testcase classname="test_analog" name="test_project_zero_asserted_only_for_slot_zero" time="0.002"><properties><property name="cocotb" value="True" /><property name="random_seed" value="1789782414" /><property name="file" value="/home/tim/gits/sg13cmos5l_ocd_chipalooza/verilog/dv/test_analog.py" /><property name="line" value="301" /><property name="sim_time_unit" value="ns" /><property name="sim_time_start" value="378400.011" /><property name="sim_time_stop" value="400400.011" /><property name="sim_time_duration" value="22000.0" /><property name="sim_time_ratio" value="11171169.35711553" /></properties></testcase><testcase classname="test_analog" name="test_diagnostic_switches_drive_the_shared_pins" time="0.005"><properties><property name="cocotb" value="True" /><property name="random_seed" value="1789782414" /><property name="file" value="/home/tim/gits/sg13cmos5l_ocd_chipalooza/verilog/dv/test_analog.py" /><property name="line" value="322" /><property name="sim_time_unit" value="ns" /><property name="sim_time_start" value="400400.012" /><property name="sim_time_stop" value="441900.012" /><property name="sim_time_duration" value="41500.0" /><property name="sim_time_ratio" value="7897591.036787899" /></properties></testcase><testcase classname="test_analog" name="test_bandgap_off_is_zero_and_on_is_plausible" time="0.005"><properties><property name="cocotb" value="True" /><property name="random_seed" value="1789782414" /><property name="file" value="/home/tim/gits/sg13cmos5l_ocd_chipalooza/verilog/dv/test_analog.py" /><property name="line" value="370" /><property name="sim_time_unit" value="ns" /><property name="sim_time_start" value="441900.013" /><property name="sim_time_stop" value="473500.013" /><property name="sim_time_duration" value="31600.0" /><property name="sim_time_ratio" value="6832073.272487439" /></properties></testcase><testcase classname="test_analog" name="test_bandgap_trim_is_monotonic_and_saturates" time="0.011"><properties><property name="cocotb" value="True" /><property name="random_seed" value="1789782414" /><property name="file" value="/home/tim/gits/sg13cmos5l_ocd_chipalooza/verilog/dv/test_analog.py" /><property name="line" value="393" /><property name="sim_time_unit" value="ns" /><property name="sim_time_start" value="473500.014" /><property name="sim_time_stop" value="595100.014" /><property name="sim_time_duration" value="121599.99999999994" /><property name="sim_time_ratio" value="11095338.720526926" /></properties></testcase><testcase classname="test_analog" name="test_pads_are_disconnected_by_default" time="0.001"><properties><property name="cocotb" value="True" /><property name="random_seed" value="1789782414" /><property name="file" value="/home/tim/gits/sg13cmos5l_ocd_chipalooza/verilog/dv/test_analog.py" /><property name="line" value="438" /><property name="sim_time_unit" value="ns" /><property name="sim_time_start" value="595100.015" /><property name="sim_time_stop" value="602100.015" /><property name="sim_time_duration" value="7000.0" /><property name="sim_time_ratio" value="11062334.816908041" /></properties></testcase><testcase classname="test_analog" name="test_pad_voltage_reaches_only_the_selected_slot" time="0.001"><properties><property name="cocotb" value="True" /><property name="random_seed" value="1789782414" /><property name="file" value="/home/tim/gits/sg13cmos5l_ocd_chipalooza/verilog/dv/test_analog.py" /><property name="line" value="453" /><property name="sim_time_unit" value="ns" /><property name="sim_time_start" value="602100.016" /><property name="sim_time_stop" value="614000.016" /><property name="sim_time_duration" value="11900.0" /><property name="sim_time_ratio" value="10659131.843101924" /></properties></testcase><testcase classname="test_analog" name="test_pad_is_gated_by_its_own_bus_enable" time="0.002"><properties><property name="cocotb" value="True" /><property name="random_seed" value="1789782414" /><property name="file" value="/home/tim/gits/sg13cmos5l_ocd_chipalooza/verilog/dv/test_analog.py" /><property name="line" value="490" /><property name="sim_time_unit" value="ns" /><property name="sim_time_start" value="614000.017" /><property name="sim_time_stop" value="635800.017" /><property name="sim_time_duration" value="21800.0" /><property name="sim_time_ratio" value="10897953.087476203" /></properties></testcase><testcase classname="test_analog" name="test_diagnostic_drive_takes_precedence_over_the_pad" time="0.003"><properties><property name="cocotb" value="True" /><property name="random_seed" value="1789782414" /><property name="file" value="/home/tim/gits/sg13cmos5l_ocd_chipalooza/verilog/dv/test_analog.py" /><property name="line" value="509" /><property name="sim_time_unit" value="ns" /><property name="sim_time_start" value="635800.018" /><property name="sim_time_stop" value="672400.018" /><property name="sim_time_duration" value="36600.0" /><property name="sim_time_ratio" value="11263920.344014471" /></properties></testcase></testsuite><testsuite name="test_bias" errors="0" failures="0" skipped="0" tests="8" time="0.028" timestamp="2026-09-19T01:46:54.896292+00:00" hostname="borodin"><testcase classname="test_bias" name="test_bias_defaults_produce_the_documented_currents" time="0.002"><properties><property name="cocotb" value="True" /><property name="random_seed" value="1789782414" /><property name="file" value="/home/tim/gits/sg13cmos5l_ocd_chipalooza/verilog/dv/test_bias.py" /><property name="line" value="34" /><property name="sim_time_unit" value="ns" /><property name="sim_time_start" value="672400.019" /><property name="sim_time_stop" value="694100.019" /><property name="sim_time_duration" value="21700.0" /><property name="sim_time_ratio" value="11059142.454216488" /></properties></testcase><testcase classname="test_bias" name="test_bias_range_checks_pass_with_the_documented_settings" time="0.003"><properties><property name="cocotb" value="True" /><property name="random_seed" value="1789782414" /><property name="file" value="/home/tim/gits/sg13cmos5l_ocd_chipalooza/verilog/dv/test_bias.py" /><property name="line" value="56" /><property name="sim_time_unit" value="ns" /><property name="sim_time_start" value="694100.02" /><property name="sim_time_stop" value="725600.02" /><property name="sim_time_duration" value="31500.0" /><property name="sim_time_ratio" value="11154254.501227457" /></properties></testcase><testcase classname="test_bias" name="test_bias_range_check_rejects_a_wrong_setting" time="0.003"><properties><property name="cocotb" value="True" /><property name="random_seed" value="1789782414" /><property name="file" value="/home/tim/gits/sg13cmos5l_ocd_chipalooza/verilog/dv/test_bias.py" /><property name="line" value="90" /><property name="sim_time_unit" value="ns" /><property name="sim_time_start" value="725600.021" /><property name="sim_time_stop" value="762200.021" /><property name="sim_time_duration" value="36600.0" /><property name="sim_time_ratio" value="11207013.541570717" /></properties></testcase><testcase classname="test_bias" name="test_biasgen_disabled_zeroes_every_bias" time="0.002"><properties><property name="cocotb" value="True" /><property name="random_seed" value="1789782414" /><property name="file" value="/home/tim/gits/sg13cmos5l_ocd_chipalooza/verilog/dv/test_bias.py" /><property name="line" value="117" /><property name="sim_time_unit" value="ns" /><property name="sim_time_start" value="762200.022" /><property name="sim_time_stop" value="788900.022" /><property name="sim_time_duration" value="26700.0" /><property name="sim_time_ratio" value="11422735.297916856" /></properties></testcase><testcase classname="test_bias" name="test_idac_outputs_scale_with_the_unit_current" time="0.006"><properties><property name="cocotb" value="True" /><property name="random_seed" value="1789782414" /><property name="file" value="/home/tim/gits/sg13cmos5l_ocd_chipalooza/verilog/dv/test_bias.py" /><property name="line" value="144" /><property name="sim_time_unit" value="ns" /><property name="sim_time_start" value="788900.023" /><property name="sim_time_stop" value="860000.023" /><property name="sim_time_duration" value="71100.0" /><property name="sim_time_ratio" value="11486630.914145296" /></properties></testcase><testcase classname="test_bias" name="test_idac_current_reaches_a_project_unclamped" time="0.004"><properties><property name="cocotb" value="True" /><property name="random_seed" value="1789782414" /><property name="file" value="/home/tim/gits/sg13cmos5l_ocd_chipalooza/verilog/dv/test_bias.py" /><property name="line" value="167" /><property name="sim_time_unit" value="ns" /><property name="sim_time_start" value="860000.024" /><property name="sim_time_stop" value="906200.024" /><property name="sim_time_duration" value="46200.0" /><property name="sim_time_ratio" value="11082625.223867059" /></properties></testcase><testcase classname="test_bias" name="test_bias_polarity_is_preserved_through_the_switches" time="0.004"><properties><property name="cocotb" value="True" /><property name="random_seed" value="1789782414" /><property name="file" value="/home/tim/gits/sg13cmos5l_ocd_chipalooza/verilog/dv/test_bias.py" /><property name="line" value="199" /><property name="sim_time_unit" value="ns" /><property name="sim_time_start" value="906200.025" /><property name="sim_time_stop" value="947500.025" /><property name="sim_time_duration" value="41300.0" /><property name="sim_time_ratio" value="11058572.02415924" /></properties></testcase><testcase classname="test_bias" name="test_bias_registers_read_back" time="0.004"><properties><property name="cocotb" value="True" /><property name="random_seed" value="1789782414" /><property name="file" value="/home/tim/gits/sg13cmos5l_ocd_chipalooza/verilog/dv/test_bias.py" /><property name="line" value="227" /><property name="sim_time_unit" value="ns" /><property name="sim_time_start" value="947500.026" /><property name="sim_time_stop" value="988700.026" /><property name="sim_time_duration" value="41200.0" /><property name="sim_time_ratio" value="11334272.211330438" /></properties></testcase></testsuite><testsuite name="test_clocking" errors="0" failures="0" skipped="0" tests="5" time="0.004" timestamp="2026-09-19T01:46:54.924225+00:00" hostname="borodin"><testcase classname="test_clocking" name="test_sram_clock_sources_are_exclusive" time="0.001"><properties><property name="cocotb" value="True" /><property name="random_seed" value="1789782414" /><property name="file" value="/home/tim/gits/sg13cmos5l_ocd_chipalooza/verilog/dv/test_clocking.py" /><property name="line" value="42" /><property name="sim_time_unit" value="ns" /><property name="sim_time_start" value="988700.027" /><property name="sim_time_stop" value="997420.027" /><property name="sim_time_duration" value="8720.0" /><property name="sim_time_ratio" value="8632144.98905658" /></properties></testcase><testcase classname="test_clocking" name="test_sram_clock_follows_selected_source" time="0.000"><properties><property name="cocotb" value="True" /><property name="random_seed" value="1789782414" /><property name="file" value="/home/tim/gits/sg13cmos5l_ocd_chipalooza/verilog/dv/test_clocking.py" /><property name="line" value="73" /><property name="sim_time_unit" value="ns" /><property name="sim_time_start" value="997420.028" /><property name="sim_time_stop" value="1001255.028" /><property name="sim_time_duration" value="3835.0" /><property name="sim_time_ratio" value="8612193.8005923" /></properties></testcase><testcase classname="test_clocking" name="test_seq_strobe_is_not_a_clock" time="0.001"><properties><property name="cocotb" value="True" /><property name="random_seed" value="1789782414" /><property name="file" value="/home/tim/gits/sg13cmos5l_ocd_chipalooza/verilog/dv/test_clocking.py" /><property name="line" value="105" /><property name="sim_time_unit" value="ns" /><property name="sim_time_start" value="1001255.029" /><property name="sim_time_stop" value="1009975.029" /><property name="sim_time_duration" value="8720.0" /><property name="sim_time_ratio" value="9641881.561932655" /></properties></testcase><testcase classname="test_clocking" name="test_loop_mode_tracks_command" time="0.001"><properties><property name="cocotb" value="True" /><property name="random_seed" value="1789782414" /><property name="file" value="/home/tim/gits/sg13cmos5l_ocd_chipalooza/verilog/dv/test_clocking.py" /><property name="line" value="142" /><property name="sim_time_unit" value="ns" /><property name="sim_time_start" value="1009975.03" /><property name="sim_time_stop" value="1017165.03" /><property name="sim_time_duration" value="7190.0" /><property name="sim_time_ratio" value="9516875.631228335" /></properties></testcase><testcase classname="test_clocking" name="test_digital_reset_clears_sequencer" time="0.000"><properties><property name="cocotb" value="True" /><property name="random_seed" value="1789782414" /><property name="file" value="/home/tim/gits/sg13cmos5l_ocd_chipalooza/verilog/dv/test_clocking.py" /><property name="line" value="163" /><property name="sim_time_unit" value="ns" /><property name="sim_time_start" value="1017165.031" /><property name="sim_time_stop" value="1022695.031" /><property name="sim_time_duration" value="5530.0" /><property name="sim_time_ratio" value="11740312.690618692" /></properties></testcase></testsuite><testsuite name="test_project_control" errors="0" failures="0" skipped="0" tests="12" time="0.077" timestamp="2026-09-19T01:46:54.943892+00:00" hostname="borodin"><testcase classname="test_project_control" name="test_select_is_one_hot" time="0.017"><properties><property name="cocotb" value="True" /><property name="random_seed" value="1789782414" /><property name="file" value="/home/tim/gits/sg13cmos5l_ocd_chipalooza/verilog/dv/test_project_control.py" /><property name="line" value="41" /><property name="sim_time_unit" value="ns" /><property name="sim_time_start" value="1022695.032" /><property name="sim_time_stop" value="1202895.032" /><property name="sim_time_duration" value="180199.99999999988" /><property name="sim_time_ratio" value="10849133.61109919" /></properties></testcase><testcase classname="test_project_control" name="test_slot_zero_selects_nothing" time="0.001"><properties><property name="cocotb" value="True" /><property name="random_seed" value="1789782414" /><property name="file" value="/home/tim/gits/sg13cmos5l_ocd_chipalooza/verilog/dv/test_project_control.py" /><property name="line" value="60" /><property name="sim_time_unit" value="ns" /><property name="sim_time_start" value="1202895.033" /><property name="sim_time_stop" value="1214795.033" /><property name="sim_time_duration" value="11900.0" /><property name="sim_time_ratio" value="11896087.129723161" /></properties></testcase><testcase classname="test_project_control" name="test_addresses_above_18_select_nothing" time="0.003"><properties><property name="cocotb" value="True" /><property name="random_seed" value="1789782414" /><property name="file" value="/home/tim/gits/sg13cmos5l_ocd_chipalooza/verilog/dv/test_project_control.py" /><property name="line" value="73" /><property name="sim_time_unit" value="ns" /><property name="sim_time_start" value="1214795.034" /><property name="sim_time_stop" value="1246495.034" /><property name="sim_time_duration" value="31700.0" /><property name="sim_time_ratio" value="11246070.561414488" /></properties></testcase><testcase classname="test_project_control" name="test_unselected_slots_see_no_enables" time="0.001"><properties><property name="cocotb" value="True" /><property name="random_seed" value="1789782414" /><property name="file" value="/home/tim/gits/sg13cmos5l_ocd_chipalooza/verilog/dv/test_project_control.py" /><property name="line" value="91" /><property name="sim_time_unit" value="ns" /><property name="sim_time_start" value="1246495.035" /><property name="sim_time_stop" value="1258395.035" /><property name="sim_time_duration" value="11900.0" /><property name="sim_time_ratio" value="10189456.660991471" /></properties></testcase><testcase classname="test_project_control" name="test_dig_in_latch_is_transparent_then_holds" time="0.011"><properties><property name="cocotb" value="True" /><property name="random_seed" value="1789782414" /><property name="file" value="/home/tim/gits/sg13cmos5l_ocd_chipalooza/verilog/dv/test_project_control.py" /><property name="line" value="112" /><property name="sim_time_unit" value="ns" /><property name="sim_time_start" value="1258395.036" /><property name="sim_time_stop" value="1368795.036" /><property name="sim_time_duration" value="110400.0" /><property name="sim_time_ratio" value="9619842.609795155" /></properties></testcase><testcase classname="test_project_control" name="test_dig_in_latch_clears_when_deselected" time="0.006"><properties><property name="cocotb" value="True" /><property name="random_seed" value="1789782414" /><property name="file" value="/home/tim/gits/sg13cmos5l_ocd_chipalooza/verilog/dv/test_project_control.py" /><property name="line" value="168" /><property name="sim_time_unit" value="ns" /><property name="sim_time_start" value="1368795.037" /><property name="sim_time_stop" value="1432295.037" /><property name="sim_time_duration" value="63500.0" /><property name="sim_time_ratio" value="9900009.92054014" /></properties></testcase><testcase classname="test_project_control" name="test_only_the_selected_slot_sees_the_bus" time="0.006"><properties><property name="cocotb" value="True" /><property name="random_seed" value="1789782414" /><property name="file" value="/home/tim/gits/sg13cmos5l_ocd_chipalooza/verilog/dv/test_project_control.py" /><property name="line" value="199" /><property name="sim_time_unit" value="ns" /><property name="sim_time_start" value="1432295.038" /><property name="sim_time_stop" value="1490795.038" /><property name="sim_time_duration" value="58500.0" /><property name="sim_time_ratio" value="10374084.120493764" /></properties></testcase><testcase classname="test_project_control" name="test_proj_clk_runs_only_on_the_selected_slot" time="0.002"><properties><property name="cocotb" value="True" /><property name="random_seed" value="1789782414" /><property name="file" value="/home/tim/gits/sg13cmos5l_ocd_chipalooza/verilog/dv/test_project_control.py" /><property name="line" value="220" /><property name="sim_time_unit" value="ns" /><property name="sim_time_start" value="1490795.039" /><property name="sim_time_stop" value="1502770.039" /><property name="sim_time_duration" value="11975.0" /><property name="sim_time_ratio" value="7289260.290491975" /></properties></testcase><testcase classname="test_project_control" name="test_proj_clk_has_no_glitch_when_selection_changes" time="0.001"><properties><property name="cocotb" value="True" /><property name="random_seed" value="1789782414" /><property name="file" value="/home/tim/gits/sg13cmos5l_ocd_chipalooza/verilog/dv/test_project_control.py" /><property name="line" value="245" /><property name="sim_time_unit" value="ns" /><property name="sim_time_start" value="1502770.04" /><property name="sim_time_stop" value="1514800.04" /><property name="sim_time_duration" value="12030.0" /><property name="sim_time_ratio" value="9546382.090415271" /></properties></testcase><testcase classname="test_project_control" name="test_proj_clk_stops_cleanly_on_deselect" time="0.002"><properties><property name="cocotb" value="True" /><property name="random_seed" value="1789782414" /><property name="file" value="/home/tim/gits/sg13cmos5l_ocd_chipalooza/verilog/dv/test_project_control.py" /><property name="line" value="289" /><property name="sim_time_unit" value="ns" /><property name="sim_time_start" value="1514800.041" /><property name="sim_time_stop" value="1531560.041" /><property name="sim_time_duration" value="16760.0" /><property name="sim_time_ratio" value="10714416.76534504" /></properties></testcase><testcase classname="test_project_control" name="test_proj_reset_is_synchronised_and_per_slot" time="0.026"><properties><property name="cocotb" value="True" /><property name="random_seed" value="1789782414" /><property name="file" value="/home/tim/gits/sg13cmos5l_ocd_chipalooza/verilog/dv/test_project_control.py" /><property name="line" value="319" /><property name="sim_time_unit" value="ns" /><property name="sim_time_start" value="1531560.042" /><property name="sim_time_stop" value="1545280.042" /><property name="sim_time_duration" value="13720.0" /><property name="sim_time_ratio" value="517900.5944776372" /></properties></testcase><testcase classname="test_project_control" name="test_dig_out_daisy_chain_is_continuous" time="0.001"><properties><property name="cocotb" value="True" /><property name="random_seed" value="1789782414" /><property name="file" value="/home/tim/gits/sg13cmos5l_ocd_chipalooza/verilog/dv/test_project_control.py" /><property name="line" value="357" /><property name="sim_time_unit" value="ns" /><property name="sim_time_start" value="1545280.043" /><property name="sim_time_stop" value="1557180.043" /><property name="sim_time_duration" value="11900.0" /><property name="sim_time_ratio" value="10040316.53201029" /></properties></testcase></testsuite><testsuite name="test_spi" errors="0" failures="0" skipped="0" tests="6" time="0.015" timestamp="2026-09-19T01:46:55.007726+00:00" hostname="borodin"><testcase classname="test_spi" name="test_identity_registers" time="0.002"><properties><property name="cocotb" value="True" /><property name="random_seed" value="1789782414" /><property name="file" value="/home/tim/gits/sg13cmos5l_ocd_chipalooza/verilog/dv/test_spi.py" /><property name="line" value="18" /><property name="sim_time_unit" value="ns" /><property name="sim_time_start" value="1557180.044" /><property name="sim_time_stop" value="1578780.044" /><property name="sim_time_duration" value="21600.0" /><property name="sim_time_ratio" value="11890078.810706228" /></properties></testcase><testcase classname="test_spi" name="test_mask_rev_passthrough" time="0.001"><properties><property name="cocotb" value="True" /><property name="random_seed" value="1789782414" /><property name="file" value="/home/tim/gits/sg13cmos5l_ocd_chipalooza/verilog/dv/test_spi.py" /><property name="line" value="35" /><property name="sim_time_unit" value="ns" /><property name="sim_time_start" value="1578780.045" /><property name="sim_time_stop" value="1590580.045" /><property name="sim_time_duration" value="11800.0" /><property name="sim_time_ratio" value="13362349.976692632" /></properties></testcase><testcase classname="test_spi" name="test_register_write_readback" time="0.007"><properties><property name="cocotb" value="True" /><property name="random_seed" value="1789782414" /><property name="file" value="/home/tim/gits/sg13cmos5l_ocd_chipalooza/verilog/dv/test_spi.py" /><property name="line" value="50" /><property name="sim_time_unit" value="ns" /><property name="sim_time_start" value="1590580.046" /><property name="sim_time_stop" value="1670980.046" /><property name="sim_time_duration" value="80400.0" /><property name="sim_time_ratio" value="10895273.680954395" /></properties></testcase><testcase classname="test_spi" name="test_address_autoincrement" time="0.002"><properties><property name="cocotb" value="True" /><property name="random_seed" value="1789782414" /><property name="file" value="/home/tim/gits/sg13cmos5l_ocd_chipalooza/verilog/dv/test_spi.py" /><property name="line" value="73" /><property name="sim_time_unit" value="ns" /><property name="sim_time_start" value="1670980.047" /><property name="sim_time_stop" value="1692380.047" /><property name="sim_time_duration" value="21400.0" /><property name="sim_time_ratio" value="12019770.482452698" /></properties></testcase><testcase classname="test_spi" name="test_csb_resets_spi" time="0.002"><properties><property name="cocotb" value="True" /><property name="random_seed" value="1789782414" /><property name="file" value="/home/tim/gits/sg13cmos5l_ocd_chipalooza/verilog/dv/test_spi.py" /><property name="line" value="87" /><property name="sim_time_unit" value="ns" /><property name="sim_time_start" value="1692380.048" /><property name="sim_time_stop" value="1712380.048" /><property name="sim_time_duration" value="20000.0" /><property name="sim_time_ratio" value="11731716.400053756" /></properties></testcase><testcase classname="test_spi" name="test_nop_command" time="0.001"><properties><property name="cocotb" value="True" /><property name="random_seed" value="1789782414" /><property name="file" value="/home/tim/gits/sg13cmos5l_ocd_chipalooza/verilog/dv/test_spi.py" /><property name="line" value="114" /><property name="sim_time_unit" value="ns" /><property name="sim_time_start" value="1712380.049" /><property name="sim_time_stop" value="1729080.049" /><property name="sim_time_duration" value="16700.0" /><property name="sim_time_ratio" value="12122669.105511876" /></properties></testcase></testsuite><testsuite name="test_sram" errors="0" failures="0" skipped="0" tests="6" time="0.019" timestamp="2026-09-19T01:46:55.023294+00:00" hostname="borodin"><testcase classname="test_sram" name="test_sram_write_read" time="0.002"><properties><property name="cocotb" value="True" /><property name="random_seed" value="1789782414" /><property name="file" value="/home/tim/gits/sg13cmos5l_ocd_chipalooza/verilog/dv/test_sram.py" /><property name="line" value="18" /><property name="sim_time_unit" value="ns" /><property name="sim_time_start" value="1729080.05" /><property name="sim_time_stop" value="1752080.05" /><property name="sim_time_duration" value="23000.0" /><property name="sim_time_ratio" value="12025085.285570713" /></properties></testcase><testcase classname="test_sram" name="test_sram_autoincrement_across_256" time="0.003"><properties><property name="cocotb" value="True" /><property name="random_seed" value="1789782414" /><property name="file" value="/home/tim/gits/sg13cmos5l_ocd_chipalooza/verilog/dv/test_sram.py" /><property name="line" value="33" /><property name="sim_time_unit" value="ns" /><property name="sim_time_start" value="1752080.051" /><property name="sim_time_stop" value="1787880.051" /><property name="sim_time_duration" value="35800.0" /><property name="sim_time_ratio" value="11922531.158409799" /></properties></testcase><testcase classname="test_sram" name="test_sram_high_addresses_are_distinct" time="0.003"><properties><property name="cocotb" value="True" /><property name="random_seed" value="1789782414" /><property name="file" value="/home/tim/gits/sg13cmos5l_ocd_chipalooza/verilog/dv/test_sram.py" /><property name="line" value="57" /><property name="sim_time_unit" value="ns" /><property name="sim_time_start" value="1787880.052" /><property name="sim_time_stop" value="1823780.052" /><property name="sim_time_duration" value="35900.0" /><property name="sim_time_ratio" value="11749641.689334428" /></properties></testcase><testcase classname="test_sram" name="test_sram_walking_ones" time="0.006"><properties><property name="cocotb" value="True" /><property name="random_seed" value="1789782414" /><property name="file" value="/home/tim/gits/sg13cmos5l_ocd_chipalooza/verilog/dv/test_sram.py" /><property name="line" value="80" /><property name="sim_time_unit" value="ns" /><property name="sim_time_start" value="1823780.053" /><property name="sim_time_stop" value="1893380.053" /><property name="sim_time_duration" value="69600.0" /><property name="sim_time_ratio" value="11868098.459992405" /></properties></testcase><testcase classname="test_sram" name="test_sram_read_does_not_disturb" time="0.004"><properties><property name="cocotb" value="True" /><property name="random_seed" value="1789782414" /><property name="file" value="/home/tim/gits/sg13cmos5l_ocd_chipalooza/verilog/dv/test_sram.py" /><property name="line" value="109" /><property name="sim_time_unit" value="ns" /><property name="sim_time_start" value="1893380.054" /><property name="sim_time_stop" value="1938980.054" /><property name="sim_time_duration" value="45600.0" /><property name="sim_time_ratio" value="12040572.578772252" /></properties></testcase><testcase classname="test_sram" name="test_register_access_after_sram_access" time="0.002"><properties><property name="cocotb" value="True" /><property name="random_seed" value="1789782414" /><property name="file" value="/home/tim/gits/sg13cmos5l_ocd_chipalooza/verilog/dv/test_sram.py" /><property name="line" value="124" /><property name="sim_time_unit" value="ns" /><property name="sim_time_start" value="1938980.055" /><property name="sim_time_stop" value="1960480.055" /><property name="sim_time_duration" value="21500.0" /><property name="sim_time_ratio" value="12108830.60188398" /></properties></testcase></testsuite></testsuites>