<?xml version='1.0' encoding='utf-8'?>
<testsuites name="cocotb tests"><testsuite name="test_analog" errors="0" failures="0" skipped="0" tests="19" time="0.061" timestamp="2026-09-22T20:11:01.535528+00:00" hostname="borodin"><testcase classname="test_analog" name="test_power_gate_reaches_only_selected_slot" time="0.004"><properties><property name="cocotb" value="True" /><property name="random_seed" value="1790107861" /><property name="file" value="/home/tim/gits/sg13cmos5l_ocd_chipalooza/verilog/dv/test_analog.py" /><property name="line" value="50" /><property name="sim_time_unit" value="ns" /><property name="sim_time_start" value="0.0" /><property name="sim_time_stop" value="31701.0" /><property name="sim_time_duration" value="31701.0" /><property name="sim_time_ratio" value="7794844.249998798" /></properties></testcase><testcase classname="test_analog" name="test_power_gates_independent" time="0.004"><properties><property name="cocotb" value="True" /><property name="random_seed" value="1790107861" /><property name="file" value="/home/tim/gits/sg13cmos5l_ocd_chipalooza/verilog/dv/test_analog.py" /><property name="line" value="80" /><property name="sim_time_unit" value="ns" /><property name="sim_time_start" value="31701.001" /><property name="sim_time_stop" value="73302.001" /><property name="sim_time_duration" value="41601.0" /><property name="sim_time_ratio" value="11050775.998370353" /></properties></testcase><testcase classname="test_analog" name="test_deselecting_removes_power" time="0.002"><properties><property name="cocotb" value="True" /><property name="random_seed" value="1790107861" /><property name="file" value="/home/tim/gits/sg13cmos5l_ocd_chipalooza/verilog/dv/test_analog.py" /><property name="line" value="94" /><property name="sim_time_unit" value="ns" /><property name="sim_time_start" value="73302.002" /><property name="sim_time_stop" value="95103.002" /><property name="sim_time_duration" value="21801.0" /><property name="sim_time_ratio" value="11169157.292815002" /></properties></testcase><testcase classname="test_analog" name="test_power_is_off_after_reset" time="0.000"><properties><property name="cocotb" value="True" /><property name="random_seed" value="1790107861" /><property name="file" value="/home/tim/gits/sg13cmos5l_ocd_chipalooza/verilog/dv/test_analog.py" /><property name="line" value="108" /><property name="sim_time_unit" value="ns" /><property name="sim_time_start" value="95103.003" /><property name="sim_time_stop" value="97204.003" /><property name="sim_time_duration" value="2101.0" /><property name="sim_time_ratio" value="24206459.37977382" /></properties></testcase><testcase classname="test_analog" name="test_bias_switches_route_to_selected_slot" time="0.002"><properties><property name="cocotb" value="True" /><property name="random_seed" value="1790107861" /><property name="file" value="/home/tim/gits/sg13cmos5l_ocd_chipalooza/verilog/dv/test_analog.py" /><property name="line" value="130" /><property name="sim_time_unit" value="ns" /><property name="sim_time_start" value="97204.004" /><property name="sim_time_stop" value="114005.004" /><property name="sim_time_duration" value="16801.0" /><property name="sim_time_ratio" value="10364621.747080648" /></properties></testcase><testcase classname="test_analog" name="test_bias_switches_independent" time="0.003"><properties><property name="cocotb" value="True" /><property name="random_seed" value="1790107861" /><property name="file" value="/home/tim/gits/sg13cmos5l_ocd_chipalooza/verilog/dv/test_analog.py" /><property name="line" value="156" /><property name="sim_time_unit" value="ns" /><property name="sim_time_start" value="114005.005" /><property name="sim_time_stop" value="150806.005" /><property name="sim_time_duration" value="36801.0" /><property name="sim_time_ratio" value="10969279.3669189" /></properties></testcase><testcase classname="test_analog" name="test_vbias_follows_voltgen" time="0.008"><properties><property name="cocotb" value="True" /><property name="random_seed" value="1790107861" /><property name="file" value="/home/tim/gits/sg13cmos5l_ocd_chipalooza/verilog/dv/test_analog.py" /><property name="line" value="176" /><property name="sim_time_unit" value="ns" /><property name="sim_time_start" value="150806.006" /><property name="sim_time_stop" value="237007.006" /><property name="sim_time_duration" value="86201.0" /><property name="sim_time_ratio" value="11178815.776769152" /></properties></testcase><testcase classname="test_analog" name="test_voltgen_disabled_is_zero_not_floating" time="0.004"><properties><property name="cocotb" value="True" /><property name="random_seed" value="1790107861" /><property name="file" value="/home/tim/gits/sg13cmos5l_ocd_chipalooza/verilog/dv/test_analog.py" /><property name="line" value="219" /><property name="sim_time_unit" value="ns" /><property name="sim_time_start" value="237007.007" /><property name="sim_time_stop" value="283208.007" /><property name="sim_time_duration" value="46200.99999999997" /><property name="sim_time_ratio" value="11146654.692438766" /></properties></testcase><testcase classname="test_analog" name="test_analog_bus_enables_are_one_hot" time="0.003"><properties><property name="cocotb" value="True" /><property name="random_seed" value="1790107861" /><property name="file" value="/home/tim/gits/sg13cmos5l_ocd_chipalooza/verilog/dv/test_analog.py" /><property name="line" value="249" /><property name="sim_time_unit" value="ns" /><property name="sim_time_start" value="283208.008" /><property name="sim_time_stop" value="314909.008" /><property name="sim_time_duration" value="31701.0" /><property name="sim_time_ratio" value="10727494.03480257" /></properties></testcase><testcase classname="test_analog" name="test_analog_bus_lines_independent" time="0.006"><properties><property name="cocotb" value="True" /><property name="random_seed" value="1790107861" /><property name="file" value="/home/tim/gits/sg13cmos5l_ocd_chipalooza/verilog/dv/test_analog.py" /><property name="line" value="264" /><property name="sim_time_unit" value="ns" /><property name="sim_time_start" value="314909.009" /><property name="sim_time_stop" value="376310.009" /><property name="sim_time_duration" value="61401.0" /><property name="sim_time_ratio" value="10906242.435879746" /></properties></testcase><testcase classname="test_analog" name="test_analog_bus_is_not_connected_to_any_slot_after_reset" time="0.000"><properties><property name="cocotb" value="True" /><property name="random_seed" value="1790107861" /><property name="file" value="/home/tim/gits/sg13cmos5l_ocd_chipalooza/verilog/dv/test_analog.py" /><property name="line" value="279" /><property name="sim_time_unit" value="ns" /><property name="sim_time_start" value="376310.01" /><property name="sim_time_stop" value="378411.01" /><property name="sim_time_duration" value="2101.0" /><property name="sim_time_ratio" value="8205396.925175199" /></properties></testcase><testcase classname="test_analog" name="test_project_zero_asserted_only_for_slot_zero" time="0.002"><properties><property name="cocotb" value="True" /><property name="random_seed" value="1790107861" /><property name="file" value="/home/tim/gits/sg13cmos5l_ocd_chipalooza/verilog/dv/test_analog.py" /><property name="line" value="301" /><property name="sim_time_unit" value="ns" /><property name="sim_time_start" value="378411.011" /><property name="sim_time_stop" value="400412.011" /><property name="sim_time_duration" value="22001.0" /><property name="sim_time_ratio" value="11241317.073393095" /></properties></testcase><testcase classname="test_analog" name="test_diagnostic_switches_drive_the_shared_pins" time="0.004"><properties><property name="cocotb" value="True" /><property name="random_seed" value="1790107861" /><property name="file" value="/home/tim/gits/sg13cmos5l_ocd_chipalooza/verilog/dv/test_analog.py" /><property name="line" value="322" /><property name="sim_time_unit" value="ns" /><property name="sim_time_start" value="400412.012" /><property name="sim_time_stop" value="441913.012" /><property name="sim_time_duration" value="41501.0" /><property name="sim_time_ratio" value="11349589.582529029" /></properties></testcase><testcase classname="test_analog" name="test_bandgap_off_is_zero_and_on_is_plausible" time="0.003"><properties><property name="cocotb" value="True" /><property name="random_seed" value="1790107861" /><property name="file" value="/home/tim/gits/sg13cmos5l_ocd_chipalooza/verilog/dv/test_analog.py" /><property name="line" value="370" /><property name="sim_time_unit" value="ns" /><property name="sim_time_start" value="441913.013" /><property name="sim_time_stop" value="473514.013" /><property name="sim_time_duration" value="31601.0" /><property name="sim_time_ratio" value="11498188.304625878" /></properties></testcase><testcase classname="test_analog" name="test_bandgap_trim_is_monotonic_and_saturates" time="0.011"><properties><property name="cocotb" value="True" /><property name="random_seed" value="1790107861" /><property name="file" value="/home/tim/gits/sg13cmos5l_ocd_chipalooza/verilog/dv/test_analog.py" /><property name="line" value="393" /><property name="sim_time_unit" value="ns" /><property name="sim_time_start" value="473514.014" /><property name="sim_time_stop" value="595115.014" /><property name="sim_time_duration" value="121600.99999999994" /><property name="sim_time_ratio" value="11397492.627912316" /></properties></testcase><testcase classname="test_analog" name="test_pads_are_disconnected_by_default" time="0.001"><properties><property name="cocotb" value="True" /><property name="random_seed" value="1790107861" /><property name="file" value="/home/tim/gits/sg13cmos5l_ocd_chipalooza/verilog/dv/test_analog.py" /><property name="line" value="438" /><property name="sim_time_unit" value="ns" /><property name="sim_time_start" value="595115.015" /><property name="sim_time_stop" value="602116.015" /><property name="sim_time_duration" value="7001.0" /><property name="sim_time_ratio" value="12068151.267675253" /></properties></testcase><testcase classname="test_analog" name="test_pad_voltage_reaches_only_the_selected_slot" time="0.001"><properties><property name="cocotb" value="True" /><property name="random_seed" value="1790107861" /><property name="file" value="/home/tim/gits/sg13cmos5l_ocd_chipalooza/verilog/dv/test_analog.py" /><property name="line" value="453" /><property name="sim_time_unit" value="ns" /><property name="sim_time_start" value="602116.016" /><property name="sim_time_stop" value="614017.016" /><property name="sim_time_duration" value="11901.0" /><property name="sim_time_ratio" value="11006939.28989687" /></properties></testcase><testcase classname="test_analog" name="test_pad_is_gated_by_its_own_bus_enable" time="0.002"><properties><property name="cocotb" value="True" /><property name="random_seed" value="1790107861" /><property name="file" value="/home/tim/gits/sg13cmos5l_ocd_chipalooza/verilog/dv/test_analog.py" /><property name="line" value="490" /><property name="sim_time_unit" value="ns" /><property name="sim_time_start" value="614017.017" /><property name="sim_time_stop" value="635818.017" /><property name="sim_time_duration" value="21801.0" /><property name="sim_time_ratio" value="11066250.364539763" /></properties></testcase><testcase classname="test_analog" name="test_diagnostic_drive_takes_precedence_over_the_pad" time="0.003"><properties><property name="cocotb" value="True" /><property name="random_seed" value="1790107861" /><property name="file" value="/home/tim/gits/sg13cmos5l_ocd_chipalooza/verilog/dv/test_analog.py" /><property name="line" value="509" /><property name="sim_time_unit" value="ns" /><property name="sim_time_start" value="635818.018" /><property name="sim_time_stop" value="672419.018" /><property name="sim_time_duration" value="36601.0" /><property name="sim_time_ratio" value="11310988.065882219" /></properties></testcase></testsuite><testsuite name="test_bias" errors="0" failures="0" skipped="0" tests="8" time="0.028" timestamp="2026-09-22T20:11:01.596673+00:00" hostname="borodin"><testcase classname="test_bias" name="test_bias_defaults_produce_the_documented_currents" time="0.002"><properties><property name="cocotb" value="True" /><property name="random_seed" value="1790107861" /><property name="file" value="/home/tim/gits/sg13cmos5l_ocd_chipalooza/verilog/dv/test_bias.py" /><property name="line" value="34" /><property name="sim_time_unit" value="ns" /><property name="sim_time_start" value="672419.019" /><property name="sim_time_stop" value="694120.019" /><property name="sim_time_duration" value="21701.0" /><property name="sim_time_ratio" value="11118278.25325227" /></properties></testcase><testcase classname="test_bias" name="test_bias_range_checks_pass_with_the_documented_settings" time="0.003"><properties><property name="cocotb" value="True" /><property name="random_seed" value="1790107861" /><property name="file" value="/home/tim/gits/sg13cmos5l_ocd_chipalooza/verilog/dv/test_bias.py" /><property name="line" value="56" /><property name="sim_time_unit" value="ns" /><property name="sim_time_start" value="694120.02" /><property name="sim_time_stop" value="725621.02" /><property name="sim_time_duration" value="31501.0" /><property name="sim_time_ratio" value="11416297.151240591" /></properties></testcase><testcase classname="test_bias" name="test_bias_range_check_rejects_a_wrong_setting" time="0.003"><properties><property name="cocotb" value="True" /><property name="random_seed" value="1790107861" /><property name="file" value="/home/tim/gits/sg13cmos5l_ocd_chipalooza/verilog/dv/test_bias.py" /><property name="line" value="90" /><property name="sim_time_unit" value="ns" /><property name="sim_time_start" value="725621.021" /><property name="sim_time_stop" value="762222.021" /><property name="sim_time_duration" value="36601.0" /><property name="sim_time_ratio" value="11410448.756330527" /></properties></testcase><testcase classname="test_bias" name="test_biasgen_disabled_zeroes_every_bias" time="0.002"><properties><property name="cocotb" value="True" /><property name="random_seed" value="1790107861" /><property name="file" value="/home/tim/gits/sg13cmos5l_ocd_chipalooza/verilog/dv/test_bias.py" /><property name="line" value="117" /><property name="sim_time_unit" value="ns" /><property name="sim_time_start" value="762222.022" /><property name="sim_time_stop" value="788923.022" /><property name="sim_time_duration" value="26701.0" /><property name="sim_time_ratio" value="11470684.20324855" /></properties></testcase><testcase classname="test_bias" name="test_idac_outputs_scale_with_the_unit_current" time="0.006"><properties><property name="cocotb" value="True" /><property name="random_seed" value="1790107861" /><property name="file" value="/home/tim/gits/sg13cmos5l_ocd_chipalooza/verilog/dv/test_bias.py" /><property name="line" value="144" /><property name="sim_time_unit" value="ns" /><property name="sim_time_start" value="788923.023" /><property name="sim_time_stop" value="860024.023" /><property name="sim_time_duration" value="71101.0" /><property name="sim_time_ratio" value="11202003.78399009" /></properties></testcase><testcase classname="test_bias" name="test_idac_current_reaches_a_project_unclamped" time="0.004"><properties><property name="cocotb" value="True" /><property name="random_seed" value="1790107861" /><property name="file" value="/home/tim/gits/sg13cmos5l_ocd_chipalooza/verilog/dv/test_bias.py" /><property name="line" value="167" /><property name="sim_time_unit" value="ns" /><property name="sim_time_start" value="860024.024" /><property name="sim_time_stop" value="906225.024" /><property name="sim_time_duration" value="46201.0" /><property name="sim_time_ratio" value="11105977.573296372" /></properties></testcase><testcase classname="test_bias" name="test_bias_polarity_is_preserved_through_the_switches" time="0.004"><properties><property name="cocotb" value="True" /><property name="random_seed" value="1790107861" /><property name="file" value="/home/tim/gits/sg13cmos5l_ocd_chipalooza/verilog/dv/test_bias.py" /><property name="line" value="199" /><property name="sim_time_unit" value="ns" /><property name="sim_time_start" value="906225.025" /><property name="sim_time_stop" value="947526.025" /><property name="sim_time_duration" value="41301.0" /><property name="sim_time_ratio" value="10925950.558441876" /></properties></testcase><testcase classname="test_bias" name="test_bias_registers_read_back" time="0.004"><properties><property name="cocotb" value="True" /><property name="random_seed" value="1790107861" /><property name="file" value="/home/tim/gits/sg13cmos5l_ocd_chipalooza/verilog/dv/test_bias.py" /><property name="line" value="227" /><property name="sim_time_unit" value="ns" /><property name="sim_time_start" value="947526.026" /><property name="sim_time_stop" value="988727.026" /><property name="sim_time_duration" value="41201.0" /><property name="sim_time_ratio" value="11248568.998393575" /></properties></testcase></testsuite><testsuite name="test_clocking" errors="0" failures="0" skipped="0" tests="5" time="0.004" timestamp="2026-09-22T20:11:01.624686+00:00" hostname="borodin"><testcase classname="test_clocking" name="test_sram_clock_sources_are_exclusive" time="0.001"><properties><property name="cocotb" value="True" /><property name="random_seed" value="1790107861" /><property name="file" value="/home/tim/gits/sg13cmos5l_ocd_chipalooza/verilog/dv/test_clocking.py" /><property name="line" value="42" /><property name="sim_time_unit" value="ns" /><property name="sim_time_start" value="988727.027" /><property name="sim_time_stop" value="997448.027" /><property name="sim_time_duration" value="8721.0" /><property name="sim_time_ratio" value="8665687.06523764" /></properties></testcase><testcase classname="test_clocking" name="test_sram_clock_follows_selected_source" time="0.000"><properties><property name="cocotb" value="True" /><property name="random_seed" value="1790107861" /><property name="file" value="/home/tim/gits/sg13cmos5l_ocd_chipalooza/verilog/dv/test_clocking.py" /><property name="line" value="73" /><property name="sim_time_unit" value="ns" /><property name="sim_time_start" value="997448.028" /><property name="sim_time_stop" value="1001284.028" /><property name="sim_time_duration" value="3836.0" /><property name="sim_time_ratio" value="8751995.958242944" /></properties></testcase><testcase classname="test_clocking" name="test_seq_strobe_is_not_a_clock" time="0.001"><properties><property name="cocotb" value="True" /><property name="random_seed" value="1790107861" /><property name="file" value="/home/tim/gits/sg13cmos5l_ocd_chipalooza/verilog/dv/test_clocking.py" /><property name="line" value="105" /><property name="sim_time_unit" value="ns" /><property name="sim_time_start" value="1001284.029" /><property name="sim_time_stop" value="1010005.029" /><property name="sim_time_duration" value="8721.0" /><property name="sim_time_ratio" value="9598177.398524428" /></properties></testcase><testcase classname="test_clocking" name="test_loop_mode_tracks_command" time="0.001"><properties><property name="cocotb" value="True" /><property name="random_seed" value="1790107861" /><property name="file" value="/home/tim/gits/sg13cmos5l_ocd_chipalooza/verilog/dv/test_clocking.py" /><property name="line" value="142" /><property name="sim_time_unit" value="ns" /><property name="sim_time_start" value="1010005.03" /><property name="sim_time_stop" value="1017196.03" /><property name="sim_time_duration" value="7191.0" /><property name="sim_time_ratio" value="9449843.402113885" /></properties></testcase><testcase classname="test_clocking" name="test_digital_reset_clears_sequencer" time="0.000"><properties><property name="cocotb" value="True" /><property name="random_seed" value="1790107861" /><property name="file" value="/home/tim/gits/sg13cmos5l_ocd_chipalooza/verilog/dv/test_clocking.py" /><property name="line" value="163" /><property name="sim_time_unit" value="ns" /><property name="sim_time_start" value="1017196.031" /><property name="sim_time_stop" value="1022727.031" /><property name="sim_time_duration" value="5531.0" /><property name="sim_time_ratio" value="11660633.65098437" /></properties></testcase></testsuite><testsuite name="test_project_control" errors="0" failures="0" skipped="0" tests="12" time="0.075" timestamp="2026-09-22T20:11:01.644274+00:00" hostname="borodin"><testcase classname="test_project_control" name="test_select_is_one_hot" time="0.017"><properties><property name="cocotb" value="True" /><property name="random_seed" value="1790107861" /><property name="file" value="/home/tim/gits/sg13cmos5l_ocd_chipalooza/verilog/dv/test_project_control.py" /><property name="line" value="41" /><property name="sim_time_unit" value="ns" /><property name="sim_time_start" value="1022727.032" /><property name="sim_time_stop" value="1202928.032" /><property name="sim_time_duration" value="180200.99999999988" /><property name="sim_time_ratio" value="10899515.961012138" /></properties></testcase><testcase classname="test_project_control" name="test_slot_zero_selects_nothing" time="0.001"><properties><property name="cocotb" value="True" /><property name="random_seed" value="1790107861" /><property name="file" value="/home/tim/gits/sg13cmos5l_ocd_chipalooza/verilog/dv/test_project_control.py" /><property name="line" value="60" /><property name="sim_time_unit" value="ns" /><property name="sim_time_start" value="1202928.033" /><property name="sim_time_stop" value="1214829.033" /><property name="sim_time_duration" value="11901.0" /><property name="sim_time_ratio" value="11177523.543952722" /></properties></testcase><testcase classname="test_project_control" name="test_addresses_above_18_select_nothing" time="0.003"><properties><property name="cocotb" value="True" /><property name="random_seed" value="1790107861" /><property name="file" value="/home/tim/gits/sg13cmos5l_ocd_chipalooza/verilog/dv/test_project_control.py" /><property name="line" value="73" /><property name="sim_time_unit" value="ns" /><property name="sim_time_start" value="1214829.034" /><property name="sim_time_stop" value="1246530.034" /><property name="sim_time_duration" value="31701.0" /><property name="sim_time_ratio" value="11036857.428148542" /></properties></testcase><testcase classname="test_project_control" name="test_unselected_slots_see_no_enables" time="0.001"><properties><property name="cocotb" value="True" /><property name="random_seed" value="1790107861" /><property name="file" value="/home/tim/gits/sg13cmos5l_ocd_chipalooza/verilog/dv/test_project_control.py" /><property name="line" value="91" /><property name="sim_time_unit" value="ns" /><property name="sim_time_start" value="1246530.035" /><property name="sim_time_stop" value="1258431.035" /><property name="sim_time_duration" value="11901.0" /><property name="sim_time_ratio" value="10289108.289583642" /></properties></testcase><testcase classname="test_project_control" name="test_dig_in_latch_is_transparent_then_holds" time="0.011"><properties><property name="cocotb" value="True" /><property name="random_seed" value="1790107861" /><property name="file" value="/home/tim/gits/sg13cmos5l_ocd_chipalooza/verilog/dv/test_project_control.py" /><property name="line" value="112" /><property name="sim_time_unit" value="ns" /><property name="sim_time_start" value="1258431.036" /><property name="sim_time_stop" value="1368832.036" /><property name="sim_time_duration" value="110401.0" /><property name="sim_time_ratio" value="10337089.037679452" /></properties></testcase><testcase classname="test_project_control" name="test_dig_in_latch_clears_when_deselected" time="0.006"><properties><property name="cocotb" value="True" /><property name="random_seed" value="1790107861" /><property name="file" value="/home/tim/gits/sg13cmos5l_ocd_chipalooza/verilog/dv/test_project_control.py" /><property name="line" value="168" /><property name="sim_time_unit" value="ns" /><property name="sim_time_start" value="1368832.037" /><property name="sim_time_stop" value="1432333.037" /><property name="sim_time_duration" value="63501.0" /><property name="sim_time_ratio" value="10442728.56671573" /></properties></testcase><testcase classname="test_project_control" name="test_only_the_selected_slot_sees_the_bus" time="0.005"><properties><property name="cocotb" value="True" /><property name="random_seed" value="1790107861" /><property name="file" value="/home/tim/gits/sg13cmos5l_ocd_chipalooza/verilog/dv/test_project_control.py" /><property name="line" value="199" /><property name="sim_time_unit" value="ns" /><property name="sim_time_start" value="1432333.038" /><property name="sim_time_stop" value="1490834.038" /><property name="sim_time_duration" value="58501.0" /><property name="sim_time_ratio" value="10812502.217975851" /></properties></testcase><testcase classname="test_project_control" name="test_proj_clk_runs_only_on_the_selected_slot" time="0.002"><properties><property name="cocotb" value="True" /><property name="random_seed" value="1790107861" /><property name="file" value="/home/tim/gits/sg13cmos5l_ocd_chipalooza/verilog/dv/test_project_control.py" /><property name="line" value="220" /><property name="sim_time_unit" value="ns" /><property name="sim_time_start" value="1490834.039" /><property name="sim_time_stop" value="1502810.039" /><property name="sim_time_duration" value="11976.0" /><property name="sim_time_ratio" value="7836727.034064601" /></properties></testcase><testcase classname="test_project_control" name="test_proj_clk_has_no_glitch_when_selection_changes" time="0.001"><properties><property name="cocotb" value="True" /><property name="random_seed" value="1790107861" /><property name="file" value="/home/tim/gits/sg13cmos5l_ocd_chipalooza/verilog/dv/test_project_control.py" /><property name="line" value="245" /><property name="sim_time_unit" value="ns" /><property name="sim_time_start" value="1502810.04" /><property name="sim_time_stop" value="1514841.04" /><property name="sim_time_duration" value="12031.0" /><property name="sim_time_ratio" value="9854932.192312852" /></properties></testcase><testcase classname="test_project_control" name="test_proj_clk_stops_cleanly_on_deselect" time="0.002"><properties><property name="cocotb" value="True" /><property name="random_seed" value="1790107861" /><property name="file" value="/home/tim/gits/sg13cmos5l_ocd_chipalooza/verilog/dv/test_project_control.py" /><property name="line" value="289" /><property name="sim_time_unit" value="ns" /><property name="sim_time_start" value="1514841.041" /><property name="sim_time_stop" value="1531602.041" /><property name="sim_time_duration" value="16761.0" /><property name="sim_time_ratio" value="10991216.12396717" /></properties></testcase><testcase classname="test_project_control" name="test_proj_reset_is_synchronised_and_per_slot" time="0.026"><properties><property name="cocotb" value="True" /><property name="random_seed" value="1790107861" /><property name="file" value="/home/tim/gits/sg13cmos5l_ocd_chipalooza/verilog/dv/test_project_control.py" /><property name="line" value="319" /><property name="sim_time_unit" value="ns" /><property name="sim_time_start" value="1531602.042" /><property name="sim_time_stop" value="1545323.042" /><property name="sim_time_duration" value="13721.0" /><property name="sim_time_ratio" value="522741.4431415222" /></properties></testcase><testcase classname="test_project_control" name="test_dig_out_daisy_chain_is_continuous" time="0.001"><properties><property name="cocotb" value="True" /><property name="random_seed" value="1790107861" /><property name="file" value="/home/tim/gits/sg13cmos5l_ocd_chipalooza/verilog/dv/test_project_control.py" /><property name="line" value="357" /><property name="sim_time_unit" value="ns" /><property name="sim_time_start" value="1545323.043" /><property name="sim_time_stop" value="1557224.043" /><property name="sim_time_duration" value="11901.0" /><property name="sim_time_ratio" value="10468335.089576654" /></properties></testcase></testsuite><testsuite name="test_spi" errors="0" failures="0" skipped="0" tests="6" time="0.014" timestamp="2026-09-22T20:11:01.706155+00:00" hostname="borodin"><testcase classname="test_spi" name="test_identity_registers" time="0.002"><properties><property name="cocotb" value="True" /><property name="random_seed" value="1790107861" /><property name="file" value="/home/tim/gits/sg13cmos5l_ocd_chipalooza/verilog/dv/test_spi.py" /><property name="line" value="18" /><property name="sim_time_unit" value="ns" /><property name="sim_time_start" value="1557224.044" /><property name="sim_time_stop" value="1578825.044" /><property name="sim_time_duration" value="21601.0" /><property name="sim_time_ratio" value="12415052.831337843" /></properties></testcase><testcase classname="test_spi" name="test_mask_rev_passthrough" time="0.001"><properties><property name="cocotb" value="True" /><property name="random_seed" value="1790107861" /><property name="file" value="/home/tim/gits/sg13cmos5l_ocd_chipalooza/verilog/dv/test_spi.py" /><property name="line" value="35" /><property name="sim_time_unit" value="ns" /><property name="sim_time_start" value="1578825.045" /><property name="sim_time_stop" value="1590626.045" /><property name="sim_time_duration" value="11801.0" /><property name="sim_time_ratio" value="13698026.169964744" /></properties></testcase><testcase classname="test_spi" name="test_register_write_readback" time="0.007"><properties><property name="cocotb" value="True" /><property name="random_seed" value="1790107861" /><property name="file" value="/home/tim/gits/sg13cmos5l_ocd_chipalooza/verilog/dv/test_spi.py" /><property name="line" value="50" /><property name="sim_time_unit" value="ns" /><property name="sim_time_start" value="1590626.046" /><property name="sim_time_stop" value="1671027.046" /><property name="sim_time_duration" value="80401.0" /><property name="sim_time_ratio" value="11615944.081604272" /></properties></testcase><testcase classname="test_spi" name="test_address_autoincrement" time="0.002"><properties><property name="cocotb" value="True" /><property name="random_seed" value="1790107861" /><property name="file" value="/home/tim/gits/sg13cmos5l_ocd_chipalooza/verilog/dv/test_spi.py" /><property name="line" value="73" /><property name="sim_time_unit" value="ns" /><property name="sim_time_start" value="1671027.047" /><property name="sim_time_stop" value="1692428.047" /><property name="sim_time_duration" value="21401.0" /><property name="sim_time_ratio" value="12469388.75693072" /></properties></testcase><testcase classname="test_spi" name="test_csb_resets_spi" time="0.002"><properties><property name="cocotb" value="True" /><property name="random_seed" value="1790107861" /><property name="file" value="/home/tim/gits/sg13cmos5l_ocd_chipalooza/verilog/dv/test_spi.py" /><property name="line" value="87" /><property name="sim_time_unit" value="ns" /><property name="sim_time_start" value="1692428.048" /><property name="sim_time_stop" value="1712429.048" /><property name="sim_time_duration" value="20001.0" /><property name="sim_time_ratio" value="12184898.910022024" /></properties></testcase><testcase classname="test_spi" name="test_nop_command" time="0.001"><properties><property name="cocotb" value="True" /><property name="random_seed" value="1790107861" /><property name="file" value="/home/tim/gits/sg13cmos5l_ocd_chipalooza/verilog/dv/test_spi.py" /><property name="line" value="114" /><property name="sim_time_unit" value="ns" /><property name="sim_time_start" value="1712429.049" /><property name="sim_time_stop" value="1729130.049" /><property name="sim_time_duration" value="16701.0" /><property name="sim_time_ratio" value="12510290.377604093" /></properties></testcase></testsuite><testsuite name="test_sram" errors="0" failures="0" skipped="0" tests="6" time="0.019" timestamp="2026-09-22T20:11:01.721005+00:00" hostname="borodin"><testcase classname="test_sram" name="test_sram_write_read" time="0.002"><properties><property name="cocotb" value="True" /><property name="random_seed" value="1790107861" /><property name="file" value="/home/tim/gits/sg13cmos5l_ocd_chipalooza/verilog/dv/test_sram.py" /><property name="line" value="18" /><property name="sim_time_unit" value="ns" /><property name="sim_time_start" value="1729130.05" /><property name="sim_time_stop" value="1752131.05" /><property name="sim_time_duration" value="23001.0" /><property name="sim_time_ratio" value="12318926.200674515" /></properties></testcase><testcase classname="test_sram" name="test_sram_autoincrement_across_256" time="0.003"><properties><property name="cocotb" value="True" /><property name="random_seed" value="1790107861" /><property name="file" value="/home/tim/gits/sg13cmos5l_ocd_chipalooza/verilog/dv/test_sram.py" /><property name="line" value="33" /><property name="sim_time_unit" value="ns" /><property name="sim_time_start" value="1752131.051" /><property name="sim_time_stop" value="1787932.051" /><property name="sim_time_duration" value="35801.0" /><property name="sim_time_ratio" value="12175749.061351003" /></properties></testcase><testcase classname="test_sram" name="test_sram_high_addresses_are_distinct" time="0.003"><properties><property name="cocotb" value="True" /><property name="random_seed" value="1790107861" /><property name="file" value="/home/tim/gits/sg13cmos5l_ocd_chipalooza/verilog/dv/test_sram.py" /><property name="line" value="57" /><property name="sim_time_unit" value="ns" /><property name="sim_time_start" value="1787932.052" /><property name="sim_time_stop" value="1823833.052" /><property name="sim_time_duration" value="35901.0" /><property name="sim_time_ratio" value="12199875.248242455" /></properties></testcase><testcase classname="test_sram" name="test_sram_walking_ones" time="0.006"><properties><property name="cocotb" value="True" /><property name="random_seed" value="1790107861" /><property name="file" value="/home/tim/gits/sg13cmos5l_ocd_chipalooza/verilog/dv/test_sram.py" /><property name="line" value="80" /><property name="sim_time_unit" value="ns" /><property name="sim_time_start" value="1823833.053" /><property name="sim_time_stop" value="1893434.053" /><property name="sim_time_duration" value="69601.0" /><property name="sim_time_ratio" value="12317891.19898582" /></properties></testcase><testcase classname="test_sram" name="test_sram_read_does_not_disturb" time="0.004"><properties><property name="cocotb" value="True" /><property name="random_seed" value="1790107861" /><property name="file" value="/home/tim/gits/sg13cmos5l_ocd_chipalooza/verilog/dv/test_sram.py" /><property name="line" value="109" /><property name="sim_time_unit" value="ns" /><property name="sim_time_start" value="1893434.054" /><property name="sim_time_stop" value="1939035.054" /><property name="sim_time_duration" value="45601.0" /><property name="sim_time_ratio" value="12159384.680374984" /></properties></testcase><testcase classname="test_sram" name="test_register_access_after_sram_access" time="0.002"><properties><property name="cocotb" value="True" /><property name="random_seed" value="1790107861" /><property name="file" value="/home/tim/gits/sg13cmos5l_ocd_chipalooza/verilog/dv/test_sram.py" /><property name="line" value="124" /><property name="sim_time_unit" value="ns" /><property name="sim_time_start" value="1939035.055" /><property name="sim_time_stop" value="1960536.055" /><property name="sim_time_duration" value="21501.0" /><property name="sim_time_ratio" value="12348557.820304533" /></properties></testcase></testsuite></testsuites>